[2026-04-26 12:38:49] HASH: c7d7e6484482d55c131750f09840ba339727d29a3be255d1fb757dd15b1ce35e
CLIENTE: c_503 | TIPO: Onboarding | RES: REQUIERE EVALUACION MANUAL
RAZON: Generado por Motor Simbólico Prolog
--------------------------------------------------------------------------------
[2026-04-26 12:39:25] HASH: 7dc4a60ced1ff2cf9f1908e7290ddd799d118f4990ff2930355ecaa133563617
CLIENTE: c_504 | TIPO: Onboarding | RES: APROBADO ESTANDAR
RAZON: Generado por Motor Simbólico Prolog
--------------------------------------------------------------------------------
[2026-04-26 12:59:04] HASH: 95e968a480143ff898c672b80d5745eb7e67c40f049b312542547487da7b61de
CLIENTE: c_001 | TIPO: Compliance SBS | RES: SOLVENTE (CUMPLE POLITICAS)
RAZON: Generado por Motor Simbólico Prolog
--------------------------------------------------------------------------------
[2026-04-26 12:59:04] HASH: ba61898cc921119a09b89445f10b313248e4bf82902aa3de46849ee60751634b
CLIENTE: c_001 | TIPO: Smart Contract | RES: CONTRATO LIMPIO
RAZON: Generado por Motor Simbólico Prolog
--------------------------------------------------------------------------------
[2026-04-26 13:35:43] HASH: 0c19acdc195014a84d79bc7f6a616c1ed09bff68c0ef78f72e370652e3fb369d
CLIENTE: c_503 | TIPO: Onboarding | RES: APROBADO ESTANDAR
RAZON: Generado por Motor Simbólico Prolog
--------------------------------------------------------------------------------
[2026-04-26 13:36:21] HASH: f199c5a161ab5ce741a44ce98aca8c7b75d5691a7147220b0681754b72b78841
CLIENTE: c_504 | TIPO: Onboarding | RES: APROBADO ESTANDAR
RAZON: Generado por Motor Simbólico Prolog
--------------------------------------------------------------------------------
[2026-04-26 13:36:58] HASH: fc39b2c2f6e3aa0dcaeb881b0ac7644ca23a8110b0d377ed7f23a01c936edcde
CLIENTE: c_516 | TIPO: Onboarding | RES: APROBADO ESTANDAR
RAZON: Generado por Motor Simbólico Prolog
--------------------------------------------------------------------------------
[2026-04-26 13:42:32] HASH: 2a46f3630c805e7ebaf483e4a94a9080733caf3517ef0c5f5dba57ab23bf17c3
CLIENTE: c_516 | TIPO: AML Escaneo | RES: SIN RIESGO DE LAVADO
RAZON: Generado por Motor Simbólico Prolog
--------------------------------------------------------------------------------
[2026-04-26 13:42:41] HASH: 1840ffa8c3b269ee6adf947b295acbbbe7769d73ce9fe0cde29b54deb62825df
CLIENTE: c_516 | TIPO: AML Escaneo | RES: SIN RIESGO DE LAVADO
RAZON: Generado por Motor Simbólico Prolog
--------------------------------------------------------------------------------
